#
# A fatal error has been detected by the Java Runtime Environment:
#
#  EXCEPTION_ACCESS_VIOLATION (0xc0000005) at pc=0x000000007110b5db, pid=2652, tid=10292
#
# JRE version: OpenJDK Runtime Environment (19.0.2+7) (build 19.0.2+7-44)
# Java VM: OpenJDK 64-Bit Server VM (19.0.2+7-44, mixed mode, sharing, tiered, compressed oops, compressed class ptrs, g1 gc, windows-amd64)
# Problematic frame:
# C  [jSSC-2.8_x86_64.dll+0xb5db]
#
# No core dump will be written. Minidumps are not enabled by default on client versions of Windows
#
# If you would like to submit a bug report, please visit:
#   https://bugreport.java.com/bugreport/crash.jsp
# The crash happened outside the Java Virtual Machine in native code.
# See problematic frame for where to report the bug.
#

---------------  S U M M A R Y ------------

Command Line: -javaagent:C:\Program Files\JetBrains\IntelliJ IDEA 2022.3.2\lib\idea_rt.jar=53952:C:\Program Files\JetBrains\IntelliJ IDEA 2022.3.2\bin -Dfile.encoding=UTF-8 -Dsun.stdout.encoding=UTF-8 -Dsun.stderr.encoding=UTF-8 --module-path=C:\Users\josth\.m2\repository\com\dlsc\formsfx\formsfx-core\11.5.0\formsfx-core-11.5.0.jar;C:\Users\josth\OneDrive\Documentos\Proyecto_Datos1_1\ProyectDatos1_1\target\classes;C:\Users\josth\.m2\repository\org\openjfx\javafx-fxml\19\javafx-fxml-19-win.jar;C:\Users\josth\.m2\repository\org\openjfx\javafx-controls\19\javafx-controls-19-win.jar;C:\Users\josth\.m2\repository\org\controlsfx\controlsfx\11.1.2\controlsfx-11.1.2.jar;C:\Users\josth\.m2\repository\org\openjfx\javafx-graphics\19\javafx-graphics-19-win.jar;C:\Users\josth\.m2\repository\org\openjfx\javafx-base\19\javafx-base-19-win.jar;C:\Users\josth\OneDrive\Documentos\Proyecto_Datos1_1\ProyectDatos1_1\firmata4j-2.3.8.jar;C:\Users\josth\.m2\repository\org\kordamp\bootstrapfx\bootstrapfx-core\0.4.0\bootstrapfx-core-0.4.0.jar -Djdk.module.main=example.proyectdatos1_1 example.proyectdatos1_1/sample.ProbarArduino

Host: Intel(R) Core(TM) i7-3770S CPU @ 3.10GHz, 8 cores, 7G,  Windows 10 , 64 bit Build 19041 (10.0.19041.2546)
Time: Thu Apr 13 00:13:11 2023 Hora estándar, América Central elapsed time: 1.517163 seconds (0d 0h 0m 1s)

---------------  T H R E A D  ---------------

Current thread (0x0000023a341d39a0):  JavaThread "main" [_thread_in_native, id=10292, stack(0x0000007f8d900000,0x0000007f8da00000)]

Stack: [0x0000007f8d900000,0x0000007f8da00000],  sp=0x0000007f8d9ff290,  free space=1020k
Native frames: (J=compiled Java code, j=interpreted, Vv=VM code, C=native code)
C  [jSSC-2.8_x86_64.dll+0xb5db]

Java frames: (J=compiled Java code, j=interpreted, Vv=VM code)
j  jssc.SerialNativeInterface.openPort(Ljava/lang/String;Z)J+0
j  jssc.SerialPort.openPort()Z+65
j  org.firmata4j.transport.SerialTransport.start()V+14 firmata4j@2.3.8
j  org.firmata4j.firmata.FirmataDevice.start()V+24 firmata4j@2.3.8
j  sample.ProbarArduino.main([Ljava/lang/String;)V+13 example.proyectdatos1_1
v  ~StubRoutines::call_stub 0x0000023a44e2100e

siginfo: EXCEPTION_ACCESS_VIOLATION (0xc0000005), reading address 0x00000000342a1aba


Registers:
RAX=0x00000000342a1aba, RBX=0x0000007f8d9ff300, RCX=0x00007ffd245cd2a4, RDX=0x0000000000000000
RSP=0x0000007f8d9ff290, RBP=0x0000007f8d9ff410, RSI=0x0000023a341d3c80, RDI=0x00000000000004b4
R8 =0x0000007f8d9ff188, R9 =0x0000007f8d9ff280, R10=0x0000000000000000, R11=0x0000000000000246
R12=0x0000007f8d9ff4d0, R13=0x0000023a58d714d0, R14=0x0000007f8d9ff3c0, R15=0x0000023a341d39a0
RIP=0x000000007110b5db, EFLAGS=0x0000000000010202


Register to memory mapping:

RIP=0x000000007110b5db jSSC-2.8_x86_64.dll
RAX=0x00000000342a1aba is an unknown value
RBX=0x0000007f8d9ff300 is pointing into the stack for thread: 0x0000023a341d39a0
RCX=0x00007ffd245cd2a4 ntdll.dll
RDX=0x0 is NULL
RSP=0x0000007f8d9ff290 is pointing into the stack for thread: 0x0000023a341d39a0
RBP=0x0000007f8d9ff410 is pointing into the stack for thread: 0x0000023a341d39a0
RSI=0x0000023a341d3c80 points into unknown readable memory: 0x00007ffccd6ff9a0 | a0 f9 6f cd fc 7f 00 00
RDI=0x00000000000004b4 is an unknown value
R8 =0x0000007f8d9ff188 is pointing into the stack for thread: 0x0000023a341d39a0
R9 =0x0000007f8d9ff280 is pointing into the stack for thread: 0x0000023a341d39a0
R10=0x0 is NULL
R11=0x0000000000000246 is an unknown value
R12=0x0000007f8d9ff4d0 is pointing into the stack for thread: 0x0000023a341d39a0
R13=0x0000023a58d714d0 points into unknown readable memory: 0x2f6a3400344d4f43 | 43 4f 4d 34 00 34 6a 2f
R14=0x0000007f8d9ff3c0 is pointing into the stack for thread: 0x0000023a341d39a0
R15=0x0000023a341d39a0 is a thread


Top of Stack: (sp=0x0000007f8d9ff290)
0x0000007f8d9ff290:   0000023a5929e470 00007ffd245547b1
0x0000007f8d9ff2a0:   000000007110b230 0000023a33fd0000
0x0000007f8d9ff2b0:   0000023a341d39a0 0000000000000004
0x0000007f8d9ff2c0:   0000023a341d3c80 00000000000004b4
0x0000007f8d9ff2d0:   0000007f8d9ff410 0000000071112590
0x0000007f8d9ff2e0:   0000007f8d9ff340 0000023a33fd0000
0x0000007f8d9ff2f0:   0000007f8d9ff410 0000000000000000
0x0000007f8d9ff300:   0000000000000000 00007ffd21fa5d3c
0x0000007f8d9ff310:   00000000000004b4 00007ffd21cef05b
0x0000007f8d9ff320:   0000023a58d714d0 0000023a341d3c80
0x0000007f8d9ff330:   0000000071113500 0000000071113be8
0x0000007f8d9ff340:   0000007f8d9ff370 0000000071112641
0x0000007f8d9ff350:   0000007f8d9ff2e0 0000000000000000
0x0000007f8d9ff360:   0000000000000000 0000000000000000
0x0000007f8d9ff370:   0000007f8d9ff410 0000000071101595
0x0000007f8d9ff380:   000000000000001c 0000023a341d3c80 

Instructions: (pc=0x000000007110b5db)
0x000000007110b4db:   48 85 c0 74 bf 44 8b 03 45 85 c0 0f 84 77 ff ff
0x000000007110b4eb:   ff eb 9f 66 90 e8 8b fe ff ff 48 89 05 0c 34 01
0x000000007110b4fb:   00 eb ad 66 90 e8 7b fe ff ff 48 89 05 fc 33 01
0x000000007110b50b:   00 eb 8b e8 8d fe ff ff c7 03 01 00 00 00 e9 6f
0x000000007110b51b:   ff ff ff 66 90 55 48 89 e5 56 53 48 83 ec 20 48
0x000000007110b52b:   8b 05 d7 33 01 00 48 8b 31 48 89 cb 48 85 c0 74
0x000000007110b53b:   56 44 8b 18 45 85 db 78 42 48 8b 05 bd 33 01 00
0x000000007110b54b:   48 85 c0 74 50 44 8b 10 45 85 d2 74 1d 48 89 f1
0x000000007110b55b:   e8 d0 fd ff ff 48 8b 13 48 8d 42 40 48 8b 48 08
0x000000007110b56b:   48 8b 6a 40 48 8b 60 10 ff e1 48 8b 05 9c 33 01
0x000000007110b57b:   00 48 85 c0 74 2d 48 89 30 eb da e8 b5 fe ff ff
0x000000007110b58b:   0f 1f 44 00 00 eb b2 e8 e9 fd ff ff 48 89 05 6a
0x000000007110b59b:   33 01 00 eb 9c e8 db fd ff ff 48 89 05 5c 33 01
0x000000007110b5ab:   00 eb a2 e8 3d fd ff ff 48 89 05 5e 33 01 00 eb
0x000000007110b5bb:   c5 0f 1f 40 00 55 57 56 53 48 83 ec 28 48 8b 05
0x000000007110b5cb:   39 33 01 00 48 89 cb 48 85 c0 0f 84 c5 00 00 00
0x000000007110b5db:   8b 38 85 ff 0f 88 ab 00 00 00 48 8b 05 1c 33 01
0x000000007110b5eb:   00 48 85 c0 0f 84 bc 00 00 00 8b 30 85 f6 74 57
0x000000007110b5fb:   48 8b 05 0e 33 01 00 48 85 c0 0f 84 e5 00 00 00
0x000000007110b60b:   8b 28 48 8b 35 10 5e 01 00 ff d6 89 c7 89 e9 ff
0x000000007110b61b:   15 f4 5e 01 00 89 f9 48 89 c5 ff 15 b9 5e 01 00
0x000000007110b62b:   48 8b 05 de 32 01 00 48 89 2b 48 85 c0 74 46 48
0x000000007110b63b:   89 da 8b 08 ff 15 d7 5e 01 00 85 c0 74 27 48 83
0x000000007110b64b:   c4 28 5b 5e 5f 5d c3 48 8b 05 bf 32 01 00 48 85
0x000000007110b65b:   c0 74 64 48 8b 10 48 89 13 48 89 18 48 83 c4 28
0x000000007110b66b:   5b 5e 5f 5d c3 48 89 f2 48 83 c4 28 5b 5e 5f 5d
0x000000007110b67b:   48 ff e2 66 90 e8 8b fc ff ff 48 89 05 84 32 01
0x000000007110b68b:   00 eb ac 66 90 e8 ab fd ff ff e9 4b ff ff ff 66
0x000000007110b69b:   0f 1f 44 00 00 e8 db fc ff ff 48 89 05 5c 32 01
0x000000007110b6ab:   00 e9 2a ff ff ff e8 ca fc ff ff 48 89 05 4b 32
0x000000007110b6bb:   01 00 e9 33 ff ff ff e8 29 fc ff ff 48 89 05 4a
0x000000007110b6cb:   32 01 00 48 8b 10 48 85 c0 48 89 13 75 8b e8 12 


Stack slot to memory mapping:
stack at sp + 0 slots: 0x0000023a5929e470 points into unknown readable memory: 0x005c002e005c005c | 5c 00 5c 00 2e 00 5c 00
stack at sp + 1 slots: 0x00007ffd245547b1 ntdll.dll
stack at sp + 2 slots: 0x000000007110b230 jSSC-2.8_x86_64.dll
stack at sp + 3 slots: 0x0000023a33fd0000 points into unknown readable memory: 0x0000000000000000 | 00 00 00 00 00 00 00 00
stack at sp + 4 slots: 0x0000023a341d39a0 is a thread
stack at sp + 5 slots: 0x0000000000000004 is an unknown value
stack at sp + 6 slots: 0x0000023a341d3c80 points into unknown readable memory: 0x00007ffccd6ff9a0 | a0 f9 6f cd fc 7f 00 00
stack at sp + 7 slots: 0x00000000000004b4 is an unknown value


---------------  P R O C E S S  ---------------

Threads class SMR info:
_java_thread_list=0x0000023a5968abf0, length=14, elements={
0x0000023a341d39a0, 0x0000023a5492ad70, 0x0000023a5492bb60, 0x0000023a54931c40,
0x0000023a54933580, 0x0000023a54933eb0, 0x0000023a549347e0, 0x0000023a54938940,
0x0000023a549432d0, 0x0000023a54945c50, 0x0000023a58c748a0, 0x0000023a595700a0,
0x0000023a59840840, 0x0000023a58f27d80
}

Java Threads: ( => current thread )
=>0x0000023a341d39a0 JavaThread "main" [_thread_in_native, id=10292, stack(0x0000007f8d900000,0x0000007f8da00000)]
  0x0000023a5492ad70 JavaThread "Reference Handler" daemon [_thread_blocked, id=7712, stack(0x0000007f8e000000,0x0000007f8e100000)]
  0x0000023a5492bb60 JavaThread "Finalizer" daemon [_thread_blocked, id=13788, stack(0x0000007f8e100000,0x0000007f8e200000)]
  0x0000023a54931c40 JavaThread "Signal Dispatcher" daemon [_thread_blocked, id=9508, stack(0x0000007f8e200000,0x0000007f8e300000)]
  0x0000023a54933580 JavaThread "Attach Listener" daemon [_thread_blocked, id=11848, stack(0x0000007f8e300000,0x0000007f8e400000)]
  0x0000023a54933eb0 JavaThread "Service Thread" daemon [_thread_blocked, id=15476, stack(0x0000007f8e400000,0x0000007f8e500000)]
  0x0000023a549347e0 JavaThread "Monitor Deflation Thread" daemon [_thread_blocked, id=25276, stack(0x0000007f8e500000,0x0000007f8e600000)]
  0x0000023a54938940 JavaThread "C2 CompilerThread0" daemon [_thread_blocked, id=15220, stack(0x0000007f8e600000,0x0000007f8e700000)]
  0x0000023a549432d0 JavaThread "C1 CompilerThread0" daemon [_thread_blocked, id=11552, stack(0x0000007f8e700000,0x0000007f8e800000)]
  0x0000023a54945c50 JavaThread "Sweeper thread" daemon [_thread_blocked, id=2380, stack(0x0000007f8e800000,0x0000007f8e900000)]
  0x0000023a58c748a0 JavaThread "Common-Cleaner" daemon [_thread_blocked, id=816, stack(0x0000007f8e900000,0x0000007f8ea00000)]
  0x0000023a595700a0 JavaThread "Monitor Ctrl-Break" daemon [_thread_in_native, id=5640, stack(0x0000007f8ec00000,0x0000007f8ed00000)]
  0x0000023a59840840 JavaThread "Notification Thread" daemon [_thread_blocked, id=22252, stack(0x0000007f8ed00000,0x0000007f8ee00000)]
  0x0000023a58f27d80 JavaThread "firmata-parser-thread" daemon [_thread_blocked, id=9664, stack(0x0000007f8ea00000,0x0000007f8eb00000)]

Other Threads:
  0x0000023a5490cb10 VMThread "VM Thread" [stack: 0x0000007f8df00000,0x0000007f8e000000] [id=23268]
  0x0000023a59209a20 WatcherThread "VM Periodic Task Thread" [stack: 0x0000007f8ee00000,0x0000007f8ef00000] [id=19176]
  0x0000023a3422d050 WorkerThread "GC Thread#0" [stack: 0x0000007f8da00000,0x0000007f8db00000] [id=22504]
  0x0000023a3423ddd0 ConcurrentGCThread "G1 Main Marker" [stack: 0x0000007f8db00000,0x0000007f8dc00000] [id=17320]
  0x0000023a3423ffb0 WorkerThread "G1 Conc#0" [stack: 0x0000007f8dc00000,0x0000007f8dd00000] [id=6228]
  0x0000023a547c60e0 ConcurrentGCThread "G1 Refine#0" [stack: 0x0000007f8dd00000,0x0000007f8de00000] [id=8068]
  0x0000023a547c6c20 ConcurrentGCThread "G1 Service" [stack: 0x0000007f8de00000,0x0000007f8df00000] [id=11812]

Threads with active compile tasks:

VM state: not at safepoint (normal execution)

VM Mutex/Monitor currently owned by a thread: None

Heap address: 0x0000000081c00000, size: 2020 MB, Compressed Oops mode: 32-bit

CDS archive(s) mapped at: [0x0000000800000000-0x0000000800c40000-0x0000000800c40000), size 12845056, SharedBaseAddress: 0x0000000800000000, ArchiveRelocationMode: 0.
Compressed class space mapped at: 0x0000000801000000-0x0000000841000000, reserved size: 1073741824
Narrow klass base: 0x0000000800000000, Narrow klass shift: 0, Narrow klass range: 0x100000000

GC Precious Log:
 CardTable entry size: 512
 Card Set container configuration: InlinePtr #cards 5 size 8 Array Of Cards #cards 12 size 40 Howl #buckets 4 coarsen threshold 1843 Howl Bitmap #cards 512 size 80 coarsen threshold 460 Card regions per heap region 1 cards per card region 2048
 CPUs: 8 total, 8 available
 Memory: 8078M
 Large Page Support: Disabled
 NUMA Support: Disabled
 Compressed Oops: Enabled (32-bit)
 Heap Region Size: 1M
 Heap Min Capacity: 8M
 Heap Initial Capacity: 128M
 Heap Max Capacity: 2020M
 Pre-touch: Disabled
 Parallel Workers: 8
 Concurrent Workers: 2
 Concurrent Refinement Workers: 8
 Periodic GC: Disabled

Heap:
 garbage-first heap   total 131072K, used 9216K [0x0000000081c00000, 0x0000000100000000)
  region size 1024K, 11 young (11264K), 0 survivors (0K)
 Metaspace       used 2219K, committed 2432K, reserved 1114112K
  class space    used 217K, committed 320K, reserved 1048576K

Heap Regions: E=young(eden), S=young(survivor), O=old, HS=humongous(starts), HC=humongous(continues), CS=collection set, F=free, OA=open archive, CA=closed archive, TAMS=top-at-mark-start (previous, next)
|   0|0x0000000081c00000, 0x0000000081c00000, 0x0000000081d00000|  0%| F|  |TAMS 0x0000000081c00000, 0x0000000081c00000| Untracked 
|   1|0x0000000081d00000, 0x0000000081d00000, 0x0000000081e00000|  0%| F|  |TAMS 0x0000000081d00000, 0x0000000081d00000| Untracked 
|   2|0x0000000081e00000, 0x0000000081e00000, 0x0000000081f00000|  0%| F|  |TAMS 0x0000000081e00000, 0x0000000081e00000| Untracked 
|   3|0x0000000081f00000, 0x0000000081f00000, 0x0000000082000000|  0%| F|  |TAMS 0x0000000081f00000, 0x0000000081f00000| Untracked 
|   4|0x0000000082000000, 0x0000000082000000, 0x0000000082100000|  0%| F|  |TAMS 0x0000000082000000, 0x0000000082000000| Untracked 
|   5|0x0000000082100000, 0x0000000082100000, 0x0000000082200000|  0%| F|  |TAMS 0x0000000082100000, 0x0000000082100000| Untracked 
|   6|0x0000000082200000, 0x0000000082200000, 0x0000000082300000|  0%| F|  |TAMS 0x0000000082200000, 0x0000000082200000| Untracked 
|   7|0x0000000082300000, 0x0000000082300000, 0x0000000082400000|  0%| F|  |TAMS 0x0000000082300000, 0x0000000082300000| Untracked 
|   8|0x0000000082400000, 0x0000000082400000, 0x0000000082500000|  0%| F|  |TAMS 0x0000000082400000, 0x0000000082400000| Untracked 
|   9|0x0000000082500000, 0x0000000082500000, 0x0000000082600000|  0%| F|  |TAMS 0x0000000082500000, 0x0000000082500000| Untracked 
|  10|0x0000000082600000, 0x0000000082600000, 0x0000000082700000|  0%| F|  |TAMS 0x0000000082600000, 0x0000000082600000| Untracked 
|  11|0x0000000082700000, 0x0000000082700000, 0x0000000082800000|  0%| F|  |TAMS 0x0000000082700000, 0x0000000082700000| Untracked 
|  12|0x0000000082800000, 0x0000000082800000, 0x0000000082900000|  0%| F|  |TAMS 0x0000000082800000, 0x0000000082800000| Untracked 
|  13|0x0000000082900000, 0x0000000082900000, 0x0000000082a00000|  0%| F|  |TAMS 0x0000000082900000, 0x0000000082900000| Untracked 
|  14|0x0000000082a00000, 0x0000000082a00000, 0x0000000082b00000|  0%| F|  |TAMS 0x0000000082a00000, 0x0000000082a00000| Untracked 
|  15|0x0000000082b00000, 0x0000000082b00000, 0x0000000082c00000|  0%| F|  |TAMS 0x0000000082b00000, 0x0000000082b00000| Untracked 
|  16|0x0000000082c00000, 0x0000000082c00000, 0x0000000082d00000|  0%| F|  |TAMS 0x0000000082c00000, 0x0000000082c00000| Untracked 
|  17|0x0000000082d00000, 0x0000000082d00000, 0x0000000082e00000|  0%| F|  |TAMS 0x0000000082d00000, 0x0000000082d00000| Untracked 
|  18|0x0000000082e00000, 0x0000000082e00000, 0x0000000082f00000|  0%| F|  |TAMS 0x0000000082e00000, 0x0000000082e00000| Untracked 
|  19|0x0000000082f00000, 0x0000000082f00000, 0x0000000083000000|  0%| F|  |TAMS 0x0000000082f00000, 0x0000000082f00000| Untracked 
|  20|0x0000000083000000, 0x0000000083000000, 0x0000000083100000|  0%| F|  |TAMS 0x0000000083000000, 0x0000000083000000| Untracked 
|  21|0x0000000083100000, 0x0000000083100000, 0x0000000083200000|  0%| F|  |TAMS 0x0000000083100000, 0x0000000083100000| Untracked 
|  22|0x0000000083200000, 0x0000000083200000, 0x0000000083300000|  0%| F|  |TAMS 0x0000000083200000, 0x0000000083200000| Untracked 
|  23|0x0000000083300000, 0x0000000083300000, 0x0000000083400000|  0%| F|  |TAMS 0x0000000083300000, 0x0000000083300000| Untracked 
|  24|0x0000000083400000, 0x0000000083400000, 0x0000000083500000|  0%| F|  |TAMS 0x0000000083400000, 0x0000000083400000| Untracked 
|  25|0x0000000083500000, 0x0000000083500000, 0x0000000083600000|  0%| F|  |TAMS 0x0000000083500000, 0x0000000083500000| Untracked 
|  26|0x0000000083600000, 0x0000000083600000, 0x0000000083700000|  0%| F|  |TAMS 0x0000000083600000, 0x0000000083600000| Untracked 
|  27|0x0000000083700000, 0x0000000083700000, 0x0000000083800000|  0%| F|  |TAMS 0x0000000083700000, 0x0000000083700000| Untracked 
|  28|0x0000000083800000, 0x0000000083800000, 0x0000000083900000|  0%| F|  |TAMS 0x0000000083800000, 0x0000000083800000| Untracked 
|  29|0x0000000083900000, 0x0000000083900000, 0x0000000083a00000|  0%| F|  |TAMS 0x0000000083900000, 0x0000000083900000| Untracked 
|  30|0x0000000083a00000, 0x0000000083a00000, 0x0000000083b00000|  0%| F|  |TAMS 0x0000000083a00000, 0x0000000083a00000| Untracked 
|  31|0x0000000083b00000, 0x0000000083b00000, 0x0000000083c00000|  0%| F|  |TAMS 0x0000000083b00000, 0x0000000083b00000| Untracked 
|  32|0x0000000083c00000, 0x0000000083c00000, 0x0000000083d00000|  0%| F|  |TAMS 0x0000000083c00000, 0x0000000083c00000| Untracked 
|  33|0x0000000083d00000, 0x0000000083d00000, 0x0000000083e00000|  0%| F|  |TAMS 0x0000000083d00000, 0x0000000083d00000| Untracked 
|  34|0x0000000083e00000, 0x0000000083e00000, 0x0000000083f00000|  0%| F|  |TAMS 0x0000000083e00000, 0x0000000083e00000| Untracked 
|  35|0x0000000083f00000, 0x0000000083f00000, 0x0000000084000000|  0%| F|  |TAMS 0x0000000083f00000, 0x0000000083f00000| Untracked 
|  36|0x0000000084000000, 0x0000000084000000, 0x0000000084100000|  0%| F|  |TAMS 0x0000000084000000, 0x0000000084000000| Untracked 
|  37|0x0000000084100000, 0x0000000084100000, 0x0000000084200000|  0%| F|  |TAMS 0x0000000084100000, 0x0000000084100000| Untracked 
|  38|0x0000000084200000, 0x0000000084200000, 0x0000000084300000|  0%| F|  |TAMS 0x0000000084200000, 0x0000000084200000| Untracked 
|  39|0x0000000084300000, 0x0000000084300000, 0x0000000084400000|  0%| F|  |TAMS 0x0000000084300000, 0x0000000084300000| Untracked 
|  40|0x0000000084400000, 0x0000000084400000, 0x0000000084500000|  0%| F|  |TAMS 0x0000000084400000, 0x0000000084400000| Untracked 
|  41|0x0000000084500000, 0x0000000084500000, 0x0000000084600000|  0%| F|  |TAMS 0x0000000084500000, 0x0000000084500000| Untracked 
|  42|0x0000000084600000, 0x0000000084600000, 0x0000000084700000|  0%| F|  |TAMS 0x0000000084600000, 0x0000000084600000| Untracked 
|  43|0x0000000084700000, 0x0000000084700000, 0x0000000084800000|  0%| F|  |TAMS 0x0000000084700000, 0x0000000084700000| Untracked 
|  44|0x0000000084800000, 0x0000000084800000, 0x0000000084900000|  0%| F|  |TAMS 0x0000000084800000, 0x0000000084800000| Untracked 
|  45|0x0000000084900000, 0x0000000084900000, 0x0000000084a00000|  0%| F|  |TAMS 0x0000000084900000, 0x0000000084900000| Untracked 
|  46|0x0000000084a00000, 0x0000000084a00000, 0x0000000084b00000|  0%| F|  |TAMS 0x0000000084a00000, 0x0000000084a00000| Untracked 
|  47|0x0000000084b00000, 0x0000000084b00000, 0x0000000084c00000|  0%| F|  |TAMS 0x0000000084b00000, 0x0000000084b00000| Untracked 
|  48|0x0000000084c00000, 0x0000000084c00000, 0x0000000084d00000|  0%| F|  |TAMS 0x0000000084c00000, 0x0000000084c00000| Untracked 
|  49|0x0000000084d00000, 0x0000000084d00000, 0x0000000084e00000|  0%| F|  |TAMS 0x0000000084d00000, 0x0000000084d00000| Untracked 
|  50|0x0000000084e00000, 0x0000000084e00000, 0x0000000084f00000|  0%| F|  |TAMS 0x0000000084e00000, 0x0000000084e00000| Untracked 
|  51|0x0000000084f00000, 0x0000000084f00000, 0x0000000085000000|  0%| F|  |TAMS 0x0000000084f00000, 0x0000000084f00000| Untracked 
|  52|0x0000000085000000, 0x0000000085000000, 0x0000000085100000|  0%| F|  |TAMS 0x0000000085000000, 0x0000000085000000| Untracked 
|  53|0x0000000085100000, 0x0000000085100000, 0x0000000085200000|  0%| F|  |TAMS 0x0000000085100000, 0x0000000085100000| Untracked 
|  54|0x0000000085200000, 0x0000000085200000, 0x0000000085300000|  0%| F|  |TAMS 0x0000000085200000, 0x0000000085200000| Untracked 
|  55|0x0000000085300000, 0x0000000085300000, 0x0000000085400000|  0%| F|  |TAMS 0x0000000085300000, 0x0000000085300000| Untracked 
|  56|0x0000000085400000, 0x0000000085400000, 0x0000000085500000|  0%| F|  |TAMS 0x0000000085400000, 0x0000000085400000| Untracked 
|  57|0x0000000085500000, 0x0000000085500000, 0x0000000085600000|  0%| F|  |TAMS 0x0000000085500000, 0x0000000085500000| Untracked 
|  58|0x0000000085600000, 0x0000000085600000, 0x0000000085700000|  0%| F|  |TAMS 0x0000000085600000, 0x0000000085600000| Untracked 
|  59|0x0000000085700000, 0x0000000085700000, 0x0000000085800000|  0%| F|  |TAMS 0x0000000085700000, 0x0000000085700000| Untracked 
|  60|0x0000000085800000, 0x0000000085800000, 0x0000000085900000|  0%| F|  |TAMS 0x0000000085800000, 0x0000000085800000| Untracked 
|  61|0x0000000085900000, 0x0000000085900000, 0x0000000085a00000|  0%| F|  |TAMS 0x0000000085900000, 0x0000000085900000| Untracked 
|  62|0x0000000085a00000, 0x0000000085a00000, 0x0000000085b00000|  0%| F|  |TAMS 0x0000000085a00000, 0x0000000085a00000| Untracked 
|  63|0x0000000085b00000, 0x0000000085b00000, 0x0000000085c00000|  0%| F|  |TAMS 0x0000000085b00000, 0x0000000085b00000| Untracked 
|  64|0x0000000085c00000, 0x0000000085c00000, 0x0000000085d00000|  0%| F|  |TAMS 0x0000000085c00000, 0x0000000085c00000| Untracked 
|  65|0x0000000085d00000, 0x0000000085d00000, 0x0000000085e00000|  0%| F|  |TAMS 0x0000000085d00000, 0x0000000085d00000| Untracked 
|  66|0x0000000085e00000, 0x0000000085e00000, 0x0000000085f00000|  0%| F|  |TAMS 0x0000000085e00000, 0x0000000085e00000| Untracked 
|  67|0x0000000085f00000, 0x0000000085f00000, 0x0000000086000000|  0%| F|  |TAMS 0x0000000085f00000, 0x0000000085f00000| Untracked 
|  68|0x0000000086000000, 0x0000000086000000, 0x0000000086100000|  0%| F|  |TAMS 0x0000000086000000, 0x0000000086000000| Untracked 
|  69|0x0000000086100000, 0x0000000086100000, 0x0000000086200000|  0%| F|  |TAMS 0x0000000086100000, 0x0000000086100000| Untracked 
|  70|0x0000000086200000, 0x0000000086200000, 0x0000000086300000|  0%| F|  |TAMS 0x0000000086200000, 0x0000000086200000| Untracked 
|  71|0x0000000086300000, 0x0000000086300000, 0x0000000086400000|  0%| F|  |TAMS 0x0000000086300000, 0x0000000086300000| Untracked 
|  72|0x0000000086400000, 0x0000000086400000, 0x0000000086500000|  0%| F|  |TAMS 0x0000000086400000, 0x0000000086400000| Untracked 
|  73|0x0000000086500000, 0x0000000086500000, 0x0000000086600000|  0%| F|  |TAMS 0x0000000086500000, 0x0000000086500000| Untracked 
|  74|0x0000000086600000, 0x0000000086600000, 0x0000000086700000|  0%| F|  |TAMS 0x0000000086600000, 0x0000000086600000| Untracked 
|  75|0x0000000086700000, 0x0000000086700000, 0x0000000086800000|  0%| F|  |TAMS 0x0000000086700000, 0x0000000086700000| Untracked 
|  76|0x0000000086800000, 0x0000000086800000, 0x0000000086900000|  0%| F|  |TAMS 0x0000000086800000, 0x0000000086800000| Untracked 
|  77|0x0000000086900000, 0x0000000086900000, 0x0000000086a00000|  0%| F|  |TAMS 0x0000000086900000, 0x0000000086900000| Untracked 
|  78|0x0000000086a00000, 0x0000000086a00000, 0x0000000086b00000|  0%| F|  |TAMS 0x0000000086a00000, 0x0000000086a00000| Untracked 
|  79|0x0000000086b00000, 0x0000000086b00000, 0x0000000086c00000|  0%| F|  |TAMS 0x0000000086b00000, 0x0000000086b00000| Untracked 
|  80|0x0000000086c00000, 0x0000000086c00000, 0x0000000086d00000|  0%| F|  |TAMS 0x0000000086c00000, 0x0000000086c00000| Untracked 
|  81|0x0000000086d00000, 0x0000000086d00000, 0x0000000086e00000|  0%| F|  |TAMS 0x0000000086d00000, 0x0000000086d00000| Untracked 
|  82|0x0000000086e00000, 0x0000000086e00000, 0x0000000086f00000|  0%| F|  |TAMS 0x0000000086e00000, 0x0000000086e00000| Untracked 
|  83|0x0000000086f00000, 0x0000000086f00000, 0x0000000087000000|  0%| F|  |TAMS 0x0000000086f00000, 0x0000000086f00000| Untracked 
|  84|0x0000000087000000, 0x0000000087000000, 0x0000000087100000|  0%| F|  |TAMS 0x0000000087000000, 0x0000000087000000| Untracked 
|  85|0x0000000087100000, 0x0000000087100000, 0x0000000087200000|  0%| F|  |TAMS 0x0000000087100000, 0x0000000087100000| Untracked 
|  86|0x0000000087200000, 0x0000000087200000, 0x0000000087300000|  0%| F|  |TAMS 0x0000000087200000, 0x0000000087200000| Untracked 
|  87|0x0000000087300000, 0x0000000087300000, 0x0000000087400000|  0%| F|  |TAMS 0x0000000087300000, 0x0000000087300000| Untracked 
|  88|0x0000000087400000, 0x0000000087400000, 0x0000000087500000|  0%| F|  |TAMS 0x0000000087400000, 0x0000000087400000| Untracked 
|  89|0x0000000087500000, 0x0000000087500000, 0x0000000087600000|  0%| F|  |TAMS 0x0000000087500000, 0x0000000087500000| Untracked 
|  90|0x0000000087600000, 0x0000000087600000, 0x0000000087700000|  0%| F|  |TAMS 0x0000000087600000, 0x0000000087600000| Untracked 
|  91|0x0000000087700000, 0x0000000087700000, 0x0000000087800000|  0%| F|  |TAMS 0x0000000087700000, 0x0000000087700000| Untracked 
|  92|0x0000000087800000, 0x0000000087800000, 0x0000000087900000|  0%| F|  |TAMS 0x0000000087800000, 0x0000000087800000| Untracked 
|  93|0x0000000087900000, 0x0000000087900000, 0x0000000087a00000|  0%| F|  |TAMS 0x0000000087900000, 0x0000000087900000| Untracked 
|  94|0x0000000087a00000, 0x0000000087a00000, 0x0000000087b00000|  0%| F|  |TAMS 0x0000000087a00000, 0x0000000087a00000| Untracked 
|  95|0x0000000087b00000, 0x0000000087b00000, 0x0000000087c00000|  0%| F|  |TAMS 0x0000000087b00000, 0x0000000087b00000| Untracked 
|  96|0x0000000087c00000, 0x0000000087c00000, 0x0000000087d00000|  0%| F|  |TAMS 0x0000000087c00000, 0x0000000087c00000| Untracked 
|  97|0x0000000087d00000, 0x0000000087d00000, 0x0000000087e00000|  0%| F|  |TAMS 0x0000000087d00000, 0x0000000087d00000| Untracked 
|  98|0x0000000087e00000, 0x0000000087e00000, 0x0000000087f00000|  0%| F|  |TAMS 0x0000000087e00000, 0x0000000087e00000| Untracked 
|  99|0x0000000087f00000, 0x0000000087f00000, 0x0000000088000000|  0%| F|  |TAMS 0x0000000087f00000, 0x0000000087f00000| Untracked 
| 100|0x0000000088000000, 0x0000000088000000, 0x0000000088100000|  0%| F|  |TAMS 0x0000000088000000, 0x0000000088000000| Untracked 
| 101|0x0000000088100000, 0x0000000088100000, 0x0000000088200000|  0%| F|  |TAMS 0x0000000088100000, 0x0000000088100000| Untracked 
| 102|0x0000000088200000, 0x0000000088200000, 0x0000000088300000|  0%| F|  |TAMS 0x0000000088200000, 0x0000000088200000| Untracked 
| 103|0x0000000088300000, 0x0000000088300000, 0x0000000088400000|  0%| F|  |TAMS 0x0000000088300000, 0x0000000088300000| Untracked 
| 104|0x0000000088400000, 0x0000000088400000, 0x0000000088500000|  0%| F|  |TAMS 0x0000000088400000, 0x0000000088400000| Untracked 
| 105|0x0000000088500000, 0x0000000088500000, 0x0000000088600000|  0%| F|  |TAMS 0x0000000088500000, 0x0000000088500000| Untracked 
| 106|0x0000000088600000, 0x0000000088600000, 0x0000000088700000|  0%| F|  |TAMS 0x0000000088600000, 0x0000000088600000| Untracked 
| 107|0x0000000088700000, 0x0000000088700000, 0x0000000088800000|  0%| F|  |TAMS 0x0000000088700000, 0x0000000088700000| Untracked 
| 108|0x0000000088800000, 0x0000000088800000, 0x0000000088900000|  0%| F|  |TAMS 0x0000000088800000, 0x0000000088800000| Untracked 
| 109|0x0000000088900000, 0x0000000088900000, 0x0000000088a00000|  0%| F|  |TAMS 0x0000000088900000, 0x0000000088900000| Untracked 
| 110|0x0000000088a00000, 0x0000000088a00000, 0x0000000088b00000|  0%| F|  |TAMS 0x0000000088a00000, 0x0000000088a00000| Untracked 
| 111|0x0000000088b00000, 0x0000000088b00000, 0x0000000088c00000|  0%| F|  |TAMS 0x0000000088b00000, 0x0000000088b00000| Untracked 
| 112|0x0000000088c00000, 0x0000000088c00000, 0x0000000088d00000|  0%| F|  |TAMS 0x0000000088c00000, 0x0000000088c00000| Untracked 
| 113|0x0000000088d00000, 0x0000000088d00000, 0x0000000088e00000|  0%| F|  |TAMS 0x0000000088d00000, 0x0000000088d00000| Untracked 
| 114|0x0000000088e00000, 0x0000000088e00000, 0x0000000088f00000|  0%| F|  |TAMS 0x0000000088e00000, 0x0000000088e00000| Untracked 
| 115|0x0000000088f00000, 0x0000000088f00000, 0x0000000089000000|  0%| F|  |TAMS 0x0000000088f00000, 0x0000000088f00000| Untracked 
| 116|0x0000000089000000, 0x0000000089000000, 0x0000000089100000|  0%| F|  |TAMS 0x0000000089000000, 0x0000000089000000| Untracked 
| 117|0x0000000089100000, 0x0000000089200000, 0x0000000089200000|100%| E|  |TAMS 0x0000000089100000, 0x0000000089100000| Complete 
| 118|0x0000000089200000, 0x0000000089300000, 0x0000000089300000|100%| E|CS|TAMS 0x0000000089200000, 0x0000000089200000| Complete 
| 119|0x0000000089300000, 0x0000000089400000, 0x0000000089400000|100%| E|CS|TAMS 0x0000000089300000, 0x0000000089300000| Complete 
| 120|0x0000000089400000, 0x0000000089500000, 0x0000000089500000|100%| E|CS|TAMS 0x0000000089400000, 0x0000000089400000| Complete 
| 121|0x0000000089500000, 0x0000000089600000, 0x0000000089600000|100%| E|CS|TAMS 0x0000000089500000, 0x0000000089500000| Complete 
| 122|0x0000000089600000, 0x0000000089700000, 0x0000000089700000|100%| E|CS|TAMS 0x0000000089600000, 0x0000000089600000| Complete 
| 123|0x0000000089700000, 0x0000000089800000, 0x0000000089800000|100%| E|CS|TAMS 0x0000000089700000, 0x0000000089700000| Complete 
| 124|0x0000000089800000, 0x0000000089900000, 0x0000000089900000|100%| E|  |TAMS 0x0000000089800000, 0x0000000089800000| Complete 
| 125|0x0000000089900000, 0x0000000089a00000, 0x0000000089a00000|100%| E|CS|TAMS 0x0000000089900000, 0x0000000089900000| Complete 
| 126|0x0000000089a00000, 0x0000000089b00000, 0x0000000089b00000|100%| E|CS|TAMS 0x0000000089a00000, 0x0000000089a00000| Complete 
| 127|0x0000000089b00000, 0x0000000089c00000, 0x0000000089c00000|100%| E|CS|TAMS 0x0000000089b00000, 0x0000000089b00000| Complete 

Card table byte_map: [0x0000023a4d760000,0x0000023a4db60000] _byte_map_base: 0x0000023a4d352000

Marking Bits (Prev, Next): (CMBitMap*) 0x0000023a3422d680, (CMBitMap*) 0x0000023a3422d6c0
 Prev Bits: [0x0000023a4df60000, 0x0000023a4fef0000)
 Next Bits: [0x0000023a4fef0000, 0x0000023a51e80000)

Polling page: 0x0000023a33fc0000

Metaspace:

Usage:
  Non-class:      1.95 MB used.
      Class:    217.91 KB used.
       Both:      2.17 MB used.

Virtual space:
  Non-class space:       64.00 MB reserved,       2.06 MB (  3%) committed,  1 nodes.
      Class space:        1.00 GB reserved,     320.00 KB ( <1%) committed,  1 nodes.
             Both:        1.06 GB reserved,       2.38 MB ( <1%) committed. 

Chunk freelists:
   Non-Class:  3.67 MB
       Class:  3.67 MB
        Both:  7.34 MB

MaxMetaspaceSize: unlimited
CompressedClassSpaceSize: 1.00 GB
Initial GC threshold: 21.00 MB
Current GC threshold: 21.00 MB
CDS: on
MetaspaceReclaimPolicy: balanced
 - commit_granule_bytes: 65536.
 - commit_granule_words: 8192.
 - virtual_space_node_default_size: 8388608.
 - enlarge_chunks_in_place: 1.
 - new_chunks_are_fully_committed: 0.
 - uncommit_free_chunks: 1.
 - use_allocation_guard: 0.


Internal statistics:

num_allocs_failed_limit: 0.
num_arena_births: 56.
num_arena_deaths: 0.
num_vsnodes_births: 2.
num_vsnodes_deaths: 0.
num_space_committed: 38.
num_space_uncommitted: 0.
num_chunks_returned_to_freelist: 0.
num_chunks_taken_from_freelist: 86.
num_chunk_merges: 0.
num_chunk_splits: 49.
num_chunks_enlarged: 30.
num_inconsistent_stats: 0.

CodeHeap 'non-profiled nmethods': size=120000Kb used=228Kb max_used=228Kb free=119771Kb
 bounds [0x0000023a453c0000, 0x0000023a45630000, 0x0000023a4c8f0000]
CodeHeap 'profiled nmethods': size=120000Kb used=900Kb max_used=900Kb free=119099Kb
 bounds [0x0000023a3d8f0000, 0x0000023a3db60000, 0x0000023a44e20000]
CodeHeap 'non-nmethods': size=5760Kb used=1223Kb max_used=1248Kb free=4536Kb
 bounds [0x0000023a44e20000, 0x0000023a45090000, 0x0000023a453c0000]
 total_blobs=1053 nmethods=624 adapters=340
 compilation: enabled
              stopped_count=0, restarted_count=0
 full_count=0

Compilation events (20 events):
Event: 1.006 Thread 0x0000023a549432d0  616       3       jdk.internal.jimage.ImageStringsReader::hashCode (33 bytes)
Event: 1.007 Thread 0x0000023a549432d0 nmethod 616 0x0000023a3d9cf410 code [0x0000023a3d9cf5c0, 0x0000023a3d9cf738]
Event: 1.007 Thread 0x0000023a549432d0  617       1       sun.nio.fs.NativeBuffer::setOwner (6 bytes)
Event: 1.007 Thread 0x0000023a549432d0 nmethod 617 0x0000023a453f7a10 code [0x0000023a453f7ba0, 0x0000023a453f7cb8]
Event: 1.009 Thread 0x0000023a549432d0  618       3       java.lang.String::<init> (99 bytes)
Event: 1.009 Thread 0x0000023a549432d0 nmethod 618 0x0000023a3d9cf810 code [0x0000023a3d9cfa20, 0x0000023a3d9d0058]
Event: 1.121 Thread 0x0000023a549432d0  619       3       java.util.ArrayDeque::inc (12 bytes)
Event: 1.121 Thread 0x0000023a549432d0 nmethod 619 0x0000023a3d9d0210 code [0x0000023a3d9d03a0, 0x0000023a3d9d04d8]
Event: 1.122 Thread 0x0000023a54938940  622       4       java.lang.CharacterDataLatin1::toLowerCase (39 bytes)
Event: 1.122 Thread 0x0000023a549432d0  623       1       java.security.CodeSource::getLocation (5 bytes)
Event: 1.122 Thread 0x0000023a549432d0 nmethod 623 0x0000023a453f8710 code [0x0000023a453f88a0, 0x0000023a453f8958]
Event: 1.123 Thread 0x0000023a54938940 nmethod 622 0x0000023a453f8a10 code [0x0000023a453f8ba0, 0x0000023a453f8c98]
Event: 1.124 Thread 0x0000023a549432d0  624       3       java.lang.reflect.Modifier::isFinal (13 bytes)
Event: 1.125 Thread 0x0000023a549432d0 nmethod 624 0x0000023a3d9d0590 code [0x0000023a3d9d0720, 0x0000023a3d9d0878]
Event: 1.125 Thread 0x0000023a549432d0  625       1       java.nio.HeapByteBuffer::isDirect (2 bytes)
Event: 1.125 Thread 0x0000023a549432d0 nmethod 625 0x0000023a453f8d90 code [0x0000023a453f8f20, 0x0000023a453f8ff8]
Event: 1.202 Thread 0x0000023a549432d0  626       3       java.lang.invoke.MethodHandles$Lookup::isClassAccessible (53 bytes)
Event: 1.202 Thread 0x0000023a549432d0 nmethod 626 0x0000023a3d9d0910 code [0x0000023a3d9d0b20, 0x0000023a3d9d10f8]
Event: 1.202 Thread 0x0000023a54938940  627       4       java.lang.Object::<init> (1 bytes)
Event: 1.203 Thread 0x0000023a54938940 nmethod 627 0x0000023a453f9090 code [0x0000023a453f9220, 0x0000023a453f92d8]

GC Heap History (0 events):
No events

Dll operation events (11 events):
Event: 0.184 Loaded shared library C:\Users\josth\.jdks\openjdk-19.0.2\bin\java.dll
Event: 0.194 Loaded shared library C:\Users\josth\.jdks\openjdk-19.0.2\bin\jsvml.dll
Event: 0.317 Loaded shared library C:\Users\josth\.jdks\openjdk-19.0.2\bin\net.dll
Event: 0.318 Loaded shared library C:\Users\josth\.jdks\openjdk-19.0.2\bin\nio.dll
Event: 0.321 Loaded shared library C:\Users\josth\.jdks\openjdk-19.0.2\bin\zip.dll
Event: 0.462 Loaded shared library C:\Users\josth\.jdks\openjdk-19.0.2\bin\zip.dll
Event: 0.510 Loaded shared library C:\Users\josth\.jdks\openjdk-19.0.2\bin\instrument.dll
Event: 0.694 Loaded shared library C:\Program Files\JetBrains\IntelliJ IDEA 2022.3.2\bin\breakgen64.dll
Event: 0.860 Loaded shared library C:\Users\josth\.jdks\openjdk-19.0.2\bin\verify.dll
Event: 0.875 Loaded shared library C:\Users\josth\.jdks\openjdk-19.0.2\bin\jimage.dll
Event: 1.119 Loaded shared library C:\Users\josth\.jssc\windows\jSSC-2.8_x86_64.dll

Deoptimization events (20 events):
Event: 0.859 Thread 0x0000023a341d39a0 Uncommon trap: trap_request=0xffffffde fr.pc=0x0000023a453df85c relative=0x0000000000000dbc
Event: 0.859 Thread 0x0000023a341d39a0 Uncommon trap: reason=class_check action=maybe_recompile pc=0x0000023a453df85c method=java.util.HashMap.putVal(ILjava/lang/Object;Ljava/lang/Object;ZZ)Ljava/lang/Object; @ 152 c2
Event: 0.859 Thread 0x0000023a341d39a0 DEOPT PACKING pc=0x0000023a453df85c sp=0x0000007f8d9fda10
Event: 0.859 Thread 0x0000023a341d39a0 DEOPT UNPACKING pc=0x0000023a44e86da3 sp=0x0000007f8d9fd9a0 mode 2
Event: 0.859 Thread 0x0000023a341d39a0 Uncommon trap: trap_request=0xffffffde fr.pc=0x0000023a453df85c relative=0x0000000000000dbc
Event: 0.859 Thread 0x0000023a341d39a0 Uncommon trap: reason=class_check action=maybe_recompile pc=0x0000023a453df85c method=java.util.HashMap.putVal(ILjava/lang/Object;Ljava/lang/Object;ZZ)Ljava/lang/Object; @ 152 c2
Event: 0.859 Thread 0x0000023a341d39a0 DEOPT PACKING pc=0x0000023a453df85c sp=0x0000007f8d9fda10
Event: 0.859 Thread 0x0000023a341d39a0 DEOPT UNPACKING pc=0x0000023a44e86da3 sp=0x0000007f8d9fd9a0 mode 2
Event: 0.859 Thread 0x0000023a341d39a0 Uncommon trap: trap_request=0xffffffde fr.pc=0x0000023a453df85c relative=0x0000000000000dbc
Event: 0.859 Thread 0x0000023a341d39a0 Uncommon trap: reason=class_check action=maybe_recompile pc=0x0000023a453df85c method=java.util.HashMap.putVal(ILjava/lang/Object;Ljava/lang/Object;ZZ)Ljava/lang/Object; @ 152 c2
Event: 0.859 Thread 0x0000023a341d39a0 DEOPT PACKING pc=0x0000023a453df85c sp=0x0000007f8d9fda10
Event: 0.859 Thread 0x0000023a341d39a0 DEOPT UNPACKING pc=0x0000023a44e86da3 sp=0x0000007f8d9fd9a0 mode 2
Event: 0.859 Thread 0x0000023a341d39a0 Uncommon trap: trap_request=0xffffffde fr.pc=0x0000023a453df85c relative=0x0000000000000dbc
Event: 0.859 Thread 0x0000023a341d39a0 Uncommon trap: reason=class_check action=maybe_recompile pc=0x0000023a453df85c method=java.util.HashMap.putVal(ILjava/lang/Object;Ljava/lang/Object;ZZ)Ljava/lang/Object; @ 152 c2
Event: 0.859 Thread 0x0000023a341d39a0 DEOPT PACKING pc=0x0000023a453df85c sp=0x0000007f8d9fda10
Event: 0.859 Thread 0x0000023a341d39a0 DEOPT UNPACKING pc=0x0000023a44e86da3 sp=0x0000007f8d9fd9a0 mode 2
Event: 0.961 Thread 0x0000023a341d39a0 Uncommon trap: trap_request=0xffffff45 fr.pc=0x0000023a453dd248 relative=0x0000000000000608
Event: 0.961 Thread 0x0000023a341d39a0 Uncommon trap: reason=unstable_if action=reinterpret pc=0x0000023a453dd248 method=java.util.ImmutableCollections$SetN.probe(Ljava/lang/Object;)I @ 34 c2
Event: 0.961 Thread 0x0000023a341d39a0 DEOPT PACKING pc=0x0000023a453dd248 sp=0x0000007f8d9fdb20
Event: 0.961 Thread 0x0000023a341d39a0 DEOPT UNPACKING pc=0x0000023a44e86da3 sp=0x0000007f8d9fda68 mode 2

Classes loaded (20 events):
Event: 1.119 Loading class java/util/Collections$SynchronizedRandomAccessList
Event: 1.120 Loading class java/util/Collections$SynchronizedList
Event: 1.120 Loading class java/util/Collections$SynchronizedList done
Event: 1.120 Loading class java/util/Collections$SynchronizedRandomAccessList done
Event: 1.120 Loading class java/util/concurrent/atomic/AtomicBoolean
Event: 1.120 Loading class java/util/concurrent/atomic/AtomicBoolean done
Event: 1.123 Loading class java/util/concurrent/Executors
Event: 1.123 Loading class java/util/concurrent/Executors done
Event: 1.123 Loading class java/util/concurrent/Executors$FinalizableDelegatedExecutorService
Event: 1.123 Loading class java/util/concurrent/Executors$DelegatedExecutorService
Event: 1.123 Loading class java/util/concurrent/Executors$DelegatedExecutorService done
Event: 1.123 Loading class java/util/concurrent/Executors$FinalizableDelegatedExecutorService done
Event: 1.124 Loading class java/util/concurrent/ThreadPoolExecutor
Event: 1.124 Loading class java/util/concurrent/ThreadPoolExecutor done
Event: 1.124 Loading class java/util/concurrent/ThreadPoolExecutor$AbortPolicy
Event: 1.124 Loading class java/util/concurrent/RejectedExecutionHandler
Event: 1.124 Loading class java/util/concurrent/RejectedExecutionHandler done
Event: 1.124 Loading class java/util/concurrent/ThreadPoolExecutor$AbortPolicy done
Event: 1.125 Loading class java/util/concurrent/ArrayBlockingQueue
Event: 1.202 Loading class java/util/concurrent/ArrayBlockingQueue done

Classes unloaded (0 events):
No events

Classes redefined (0 events):
No events

Internal exceptions (20 events):
Event: 0.349 Thread 0x0000023a341d39a0 Exception <a 'java/lang/NoSuchMethodError'{0x0000000089a4c858}: 'void java.lang.invoke.DirectMethodHandle$Holder.invokeVirtual(java.lang.Object, java.lang.Object)'> (0x0000000089a4c858) 
thrown [s\open\src\hotspot\share\interpreter\linkResolver.cpp, line 774]
Event: 0.395 Thread 0x0000023a341d39a0 Exception <a 'java/lang/NoSuchMethodError'{0x0000000089852e70}: 'void java.lang.invoke.DirectMethodHandle$Holder.invokeSpecial(java.lang.Object, java.lang.Object, java.lang.Object)'> (0x0000000089852e70) 
thrown [s\open\src\hotspot\share\interpreter\linkResolver.cpp, line 774]
Event: 0.443 Thread 0x0000023a341d39a0 Exception <a 'java/lang/NoSuchMethodError'{0x00000000895d8c88}: 'void java.lang.invoke.DirectMethodHandle$Holder.invokeSpecial(java.lang.Object, java.lang.Object, java.lang.Object, java.lang.Object, java.lang.Object)'> (0x00000000895d8c88) 
thrown [s\open\src\hotspot\share\interpreter\linkResolver.cpp, line 774]
Event: 0.447 Thread 0x0000023a341d39a0 Exception <a 'java/lang/NoSuchMethodError'{0x00000000895f0f68}: 'java.lang.Object java.lang.invoke.DirectMethodHandle$Holder.invokeInterface(java.lang.Object, java.lang.Object)'> (0x00000000895f0f68) 
thrown [s\open\src\hotspot\share\interpreter\linkResolver.cpp, line 774]
Event: 0.448 Thread 0x0000023a341d39a0 Exception <a 'java/lang/IncompatibleClassChangeError'{0x00000000895f44b8}: Found class java.lang.Object, but interface was expected> (0x00000000895f44b8) 
thrown [s\open\src\hotspot\share\interpreter\linkResolver.cpp, line 841]
Event: 0.448 Thread 0x0000023a341d39a0 Exception <a 'java/lang/NoSuchMethodError'{0x00000000895f7310}: 'void java.lang.invoke.DirectMethodHandle$Holder.invokeStatic(java.lang.Object, java.lang.Object, java.lang.Object, java.lang.Object)'> (0x00000000895f7310) 
thrown [s\open\src\hotspot\share\interpreter\linkResolver.cpp, line 774]
Event: 0.557 Thread 0x0000023a341d39a0 Exception <a 'java/lang/NoSuchMethodError'{0x000000008948f860}: 'void java.lang.invoke.DirectMethodHandle$Holder.invokeStatic(java.lang.Object, java.lang.Object, java.lang.Object)'> (0x000000008948f860) 
thrown [s\open\src\hotspot\share\interpreter\linkResolver.cpp, line 774]
Event: 0.561 Thread 0x0000023a341d39a0 Exception <a 'java/lang/NoSuchMethodError'{0x00000000894a6560}: 'java.lang.Object java.lang.invoke.Invokers$Holder.invokeExact_MT(java.lang.Object, java.lang.Object, java.lang.Object, java.lang.Object, java.lang.Object)'> (0x00000000894a6560) 
thrown [s\open\src\hotspot\share\interpreter\linkResolver.cpp, line 774]
Event: 0.872 Thread 0x0000023a595700a0 Exception <a 'java/lang/ClassNotFoundException'{0x00000000894f0600}: jdk/net/ExtendedSocketOptions> (0x00000000894f0600) 
thrown [s\open\src\hotspot\share\classfile\systemDictionary.cpp, line 255]
Event: 0.873 Thread 0x0000023a595700a0 Exception <a 'java/lang/NoSuchMethodError'{0x00000000894f1fb0}: 'void java.lang.invoke.DirectMethodHandle$Holder.invokeStatic(java.lang.Object, java.lang.Object)'> (0x00000000894f1fb0) 
thrown [s\open\src\hotspot\share\interpreter\linkResolver.cpp, line 774]
Event: 0.891 Thread 0x0000023a341d39a0 Exception <a 'sun/nio/fs/WindowsException'{0x00000000893d88a8}> (0x00000000893d88a8) 
thrown [s\open\src\hotspot\share\prims\jni.cpp, line 517]
Event: 0.963 Thread 0x0000023a341d39a0 Exception <a 'java/lang/NoSuchMethodError'{0x00000000892b2a98}: 'java.lang.ClassLoader java.lang.Thread.getContextClassLoader(java.lang.Class)'> (0x00000000892b2a98) 
thrown [s\open\src\hotspot\share\interpreter\linkResolver.cpp, line 774]
Event: 0.965 Thread 0x0000023a341d39a0 Exception <a 'java/lang/NoSuchMethodError'{0x00000000892b7b78}: 'java.lang.Object java.lang.invoke.DirectMethodHandle$Holder.invokeStatic(java.lang.Object, java.lang.Object, int)'> (0x00000000892b7b78) 
thrown [s\open\src\hotspot\share\interpreter\linkResolver.cpp, line 774]
Event: 0.967 Thread 0x0000023a341d39a0 Exception <a 'java/lang/NoSuchMethodError'{0x00000000892c38f8}: 'void java.lang.invoke.DelegatingMethodHandle$Holder.delegate(java.lang.Object, java.lang.Object, int, java.lang.Object)'> (0x00000000892c38f8) 
thrown [s\open\src\hotspot\share\interpreter\linkResolver.cpp, line 774]
Event: 0.968 Thread 0x0000023a341d39a0 Exception <a 'java/lang/NoSuchMethodError'{0x00000000892c7a70}: 'int java.lang.invoke.DirectMethodHandle$Holder.invokeSpecial(java.lang.Object, java.lang.Object, java.lang.Object)'> (0x00000000892c7a70) 
thrown [s\open\src\hotspot\share\interpreter\linkResolver.cpp, line 774]
Event: 0.971 Thread 0x0000023a341d39a0 Exception <a 'sun/nio/fs/WindowsException'{0x00000000892dacf0}> (0x00000000892dacf0) 
thrown [s\open\src\hotspot\share\prims\jni.cpp, line 517]
Event: 0.972 Thread 0x0000023a341d39a0 Exception <a 'sun/nio/fs/WindowsException'{0x00000000892dcb50}> (0x00000000892dcb50) 
thrown [s\open\src\hotspot\share\prims\jni.cpp, line 517]
Event: 0.979 Thread 0x0000023a341d39a0 Exception <a 'java/lang/NoClassDefFoundError'{0x00000000892f81e0}: org/apache/log4j/Category> (0x00000000892f81e0) 
thrown [s\open\src\hotspot\share\classfile\systemDictionary.cpp, line 244]
Event: 0.992 Thread 0x0000023a341d39a0 Exception <a 'sun/nio/fs/WindowsException'{0x00000000891179d8}> (0x00000000891179d8) 
thrown [s\open\src\hotspot\share\prims\jni.cpp, line 517]
Event: 1.006 Thread 0x0000023a341d39a0 Exception <a 'sun/nio/fs/WindowsException'{0x000000008914e018}> (0x000000008914e018) 
thrown [s\open\src\hotspot\share\prims\jni.cpp, line 517]

VM Operations (12 events):
Event: 0.424 Executing VM operation: HandshakeAllThreads
Event: 0.424 Executing VM operation: HandshakeAllThreads done
Event: 0.445 Executing VM operation: HandshakeAllThreads
Event: 0.445 Executing VM operation: HandshakeAllThreads done
Event: 0.698 Executing VM operation: HandshakeAllThreads
Event: 0.698 Executing VM operation: HandshakeAllThreads done
Event: 0.977 Executing VM operation: HandshakeAllThreads
Event: 0.977 Executing VM operation: HandshakeAllThreads done
Event: 1.008 Executing VM operation: HandshakeAllThreads
Event: 1.008 Executing VM operation: HandshakeAllThreads done
Event: 1.124 Executing VM operation: HandshakeAllThreads
Event: 1.124 Executing VM operation: HandshakeAllThreads done

Events (20 events):
Event: 0.194 Thread 0x0000023a341d39a0 Thread added: 0x0000023a341d39a0
Event: 0.210 Thread 0x0000023a5492ad70 Thread added: 0x0000023a5492ad70
Event: 0.210 Thread 0x0000023a5492bb60 Thread added: 0x0000023a5492bb60
Event: 0.210 Thread 0x0000023a54931c40 Thread added: 0x0000023a54931c40
Event: 0.210 Thread 0x0000023a54933580 Thread added: 0x0000023a54933580
Event: 0.210 Thread 0x0000023a54933eb0 Thread added: 0x0000023a54933eb0
Event: 0.210 Thread 0x0000023a549347e0 Thread added: 0x0000023a549347e0
Event: 0.210 Thread 0x0000023a54938940 Thread added: 0x0000023a54938940
Event: 0.210 Thread 0x0000023a549432d0 Thread added: 0x0000023a549432d0
Event: 0.211 Thread 0x0000023a54945c50 Thread added: 0x0000023a54945c50
Event: 0.310 Thread 0x0000023a58c748a0 Thread added: 0x0000023a58c748a0
Event: 0.387 Thread 0x0000023a58d71350 Thread added: 0x0000023a58d71350
Event: 0.392 Thread 0x0000023a58e2aa80 Thread added: 0x0000023a58e2aa80
Event: 0.694 Thread 0x0000023a595700a0 Thread added: 0x0000023a595700a0
Event: 0.694 Thread 0x0000023a59840840 Thread added: 0x0000023a59840840
Event: 0.695 Thread 0x0000023a58e2aa80 Thread exited: 0x0000023a58e2aa80
Event: 0.706 Thread 0x0000023a58d71350 Thread exited: 0x0000023a58d71350
Event: 0.971 Thread 0x0000023a58f27d80 Thread added: 0x0000023a58f27d80
Event: 1.121 Thread 0x0000023a58f27d80 Thread exited: 0x0000023a58f27d80
Event: 1.203 Thread 0x0000023a58f27d80 Thread added: 0x0000023a58f27d80


Dynamic libraries:
0x00007ff722c80000 - 0x00007ff722c8e000 	C:\Users\josth\.jdks\openjdk-19.0.2\bin\java.exe
0x00007ffd24530000 - 0x00007ffd24728000 	C:\Windows\SYSTEM32\ntdll.dll
0x00007ffd241d0000 - 0x00007ffd2428f000 	C:\Windows\System32\KERNEL32.DLL
0x00007ffd21f70000 - 0x00007ffd22242000 	C:\Windows\System32\KERNELBASE.dll
0x00007ffd21ce0000 - 0x00007ffd21de0000 	C:\Windows\System32\ucrtbase.dll
0x00007ffd1ae90000 - 0x00007ffd1aea7000 	C:\Users\josth\.jdks\openjdk-19.0.2\bin\jli.dll
0x00007ffd1b0d0000 - 0x00007ffd1b0eb000 	C:\Users\josth\.jdks\openjdk-19.0.2\bin\VCRUNTIME140.dll
0x00007ffd22580000 - 0x00007ffd22721000 	C:\Windows\System32\USER32.dll
0x00007ffd16c00000 - 0x00007ffd16e9a000 	C:\Windows\WinSxS\amd64_microsoft.windows.common-controls_6595b64144ccf1df_6.0.19041.1110_none_60b5254171f9507e\COMCTL32.dll
0x00007ffd21eb0000 - 0x00007ffd21ed2000 	C:\Windows\System32\win32u.dll
0x00007ffd24100000 - 0x00007ffd2419e000 	C:\Windows\System32\msvcrt.dll
0x00007ffd23030000 - 0x00007ffd2305b000 	C:\Windows\System32\GDI32.dll
0x00007ffd22420000 - 0x00007ffd2252f000 	C:\Windows\System32\gdi32full.dll
0x00007ffd21e10000 - 0x00007ffd21ead000 	C:\Windows\System32\msvcp_win.dll
0x00007ffd241a0000 - 0x00007ffd241d0000 	C:\Windows\System32\IMM32.DLL
0x00007ffd1bb40000 - 0x00007ffd1bb4c000 	C:\Users\josth\.jdks\openjdk-19.0.2\bin\vcruntime140_1.dll
0x00007ffd13620000 - 0x00007ffd136ae000 	C:\Users\josth\.jdks\openjdk-19.0.2\bin\msvcp140.dll
0x00007ffcccba0000 - 0x00007ffccd860000 	C:\Users\josth\.jdks\openjdk-19.0.2\bin\server\jvm.dll
0x00007ffd233c0000 - 0x00007ffd2346e000 	C:\Windows\System32\ADVAPI32.dll
0x00007ffd22c30000 - 0x00007ffd22ccc000 	C:\Windows\System32\sechost.dll
0x00007ffd24290000 - 0x00007ffd243b4000 	C:\Windows\System32\RPCRT4.dll
0x00007ffd0d920000 - 0x00007ffd0d947000 	C:\Windows\SYSTEM32\WINMM.dll
0x00007ffd158a0000 - 0x00007ffd158aa000 	C:\Windows\SYSTEM32\VERSION.dll
0x00007ffd1d930000 - 0x00007ffd1d939000 	C:\Windows\SYSTEM32\WSOCK32.dll
0x00007ffd23fe0000 - 0x00007ffd2404b000 	C:\Windows\System32\ws2_32.DLL
0x00007ffd1fb10000 - 0x00007ffd1fb22000 	C:\Windows\SYSTEM32\kernel.appcore.dll
0x00007ffd1b710000 - 0x00007ffd1b71a000 	C:\Users\josth\.jdks\openjdk-19.0.2\bin\jimage.dll
0x00007ffd14dd0000 - 0x00007ffd14fb4000 	C:\Windows\SYSTEM32\DBGHELP.DLL
0x00007ffd14d90000 - 0x00007ffd14dc5000 	C:\Windows\SYSTEM32\dbgcore.DLL
0x00007ffd21ee0000 - 0x00007ffd21f62000 	C:\Windows\System32\bcryptPrimitives.dll
0x00007ffd1ced0000 - 0x00007ffd1cede000 	C:\Users\josth\.jdks\openjdk-19.0.2\bin\instrument.dll
0x00007ffd14060000 - 0x00007ffd14086000 	C:\Users\josth\.jdks\openjdk-19.0.2\bin\java.dll
0x00007ffd13540000 - 0x00007ffd13617000 	C:\Users\josth\.jdks\openjdk-19.0.2\bin\jsvml.dll
0x00007ffd23500000 - 0x00007ffd23c45000 	C:\Windows\System32\SHELL32.dll
0x00007ffd1fd10000 - 0x00007ffd204a2000 	C:\Windows\SYSTEM32\windows.storage.dll
0x00007ffd23060000 - 0x00007ffd233b5000 	C:\Windows\System32\combase.dll
0x00007ffd21620000 - 0x00007ffd21650000 	C:\Windows\SYSTEM32\Wldp.dll
0x00007ffd22f20000 - 0x00007ffd22fcd000 	C:\Windows\System32\SHCORE.dll
0x00007ffd24490000 - 0x00007ffd244e5000 	C:\Windows\System32\shlwapi.dll
0x00007ffd21b70000 - 0x00007ffd21b8f000 	C:\Windows\SYSTEM32\profapi.dll
0x00007ffd16660000 - 0x00007ffd16673000 	C:\Users\josth\.jdks\openjdk-19.0.2\bin\net.dll
0x00007ffd17a90000 - 0x00007ffd17b9a000 	C:\Windows\SYSTEM32\WINHTTP.dll
0x00007ffd21310000 - 0x00007ffd2137a000 	C:\Windows\system32\mswsock.dll
0x00007ffd16610000 - 0x00007ffd16626000 	C:\Users\josth\.jdks\openjdk-19.0.2\bin\nio.dll
0x00007ffd14fc0000 - 0x00007ffd14fd8000 	C:\Users\josth\.jdks\openjdk-19.0.2\bin\zip.dll
0x00007ffd0d7b0000 - 0x00007ffd0d7ca000 	C:\Program Files\JetBrains\IntelliJ IDEA 2022.3.2\bin\breakgen64.dll
0x00007ffd14990000 - 0x00007ffd149a0000 	C:\Users\josth\.jdks\openjdk-19.0.2\bin\verify.dll
0x0000000071100000 - 0x0000000071125000 	C:\Users\josth\.jssc\windows\jSSC-2.8_x86_64.dll

dbghelp: loaded successfully - version: 4.0.5 - missing functions: none
symbol engine: initialized successfully - sym options: 0x614 - pdb path: .;C:\Users\josth\.jdks\openjdk-19.0.2\bin;C:\Windows\SYSTEM32;C:\Windows\WinSxS\amd64_microsoft.windows.common-controls_6595b64144ccf1df_6.0.19041.1110_none_60b5254171f9507e;C:\Users\josth\.jdks\openjdk-19.0.2\bin\server;C:\Program Files\JetBrains\IntelliJ IDEA 2022.3.2\bin;C:\Users\josth\.jssc\windows

VM Arguments:
jvm_args: -javaagent:C:\Program Files\JetBrains\IntelliJ IDEA 2022.3.2\lib\idea_rt.jar=53952:C:\Program Files\JetBrains\IntelliJ IDEA 2022.3.2\bin -Dfile.encoding=UTF-8 -Dsun.stdout.encoding=UTF-8 -Dsun.stderr.encoding=UTF-8 --module-path=C:\Users\josth\.m2\repository\com\dlsc\formsfx\formsfx-core\11.5.0\formsfx-core-11.5.0.jar;C:\Users\josth\OneDrive\Documentos\Proyecto_Datos1_1\ProyectDatos1_1\target\classes;C:\Users\josth\.m2\repository\org\openjfx\javafx-fxml\19\javafx-fxml-19-win.jar;C:\Users\josth\.m2\repository\org\openjfx\javafx-controls\19\javafx-controls-19-win.jar;C:\Users\josth\.m2\repository\org\controlsfx\controlsfx\11.1.2\controlsfx-11.1.2.jar;C:\Users\josth\.m2\repository\org\openjfx\javafx-graphics\19\javafx-graphics-19-win.jar;C:\Users\josth\.m2\repository\org\openjfx\javafx-base\19\javafx-base-19-win.jar;C:\Users\josth\OneDrive\Documentos\Proyecto_Datos1_1\ProyectDatos1_1\firmata4j-2.3.8.jar;C:\Users\josth\.m2\repository\org\kordamp\bootstrapfx\bootstrapfx-core\0.4.0\bootstrapfx-core-0.4.0.jar -Djdk.module.main=example.proyectdatos1_1 
java_command: example.proyectdatos1_1/sample.ProbarArduino
java_class_path (initial): C:\Users\josth\.m2\repository\org\openjfx\javafx-controls\19\javafx-controls-19.jar;C:\Users\josth\.m2\repository\org\openjfx\javafx-fxml\19\javafx-fxml-19.jar;C:\Users\josth\.m2\repository\org\openjfx\javafx-graphics\19\javafx-graphics-19.jar;C:\Users\josth\.m2\repository\org\openjfx\javafx-base\19\javafx-base-19.jar;C:\Users\josth\OneDrive\Documentos\Proyecto_Datos1_1\ProyectDatos1_1\jssc-2.8.0.jar;C:\Users\josth\OneDrive\Documentos\Proyecto_Datos1_1\ProyectDatos1_1\slf4j-api-1.7.25.jar;C:\Users\josth\OneDrive\Documentos\Proyecto_Datos1_1\ProyectDatos1_1\slf4j-jcl-1.7.3.jar;C:\Users\josth\OneDrive\Documentos\Proyecto_Datos1_1\ProyectDatos1_1\slf4j-api-1.7.3.jar;C:\Users\josth\OneDrive\Documentos\Proyecto_Datos1_1\ProyectDatos1_1\commons-logging-1.1.1.jar
Launcher Type: SUN_STANDARD

[Global flags]
     intx CICompilerCount                          = 4                                         {product} {ergonomic}
     uint ConcGCThreads                            = 2                                         {product} {ergonomic}
     uint G1ConcRefinementThreads                  = 8                                         {product} {ergonomic}
   size_t G1HeapRegionSize                         = 1048576                                   {product} {ergonomic}
    uintx GCDrainStackTargetSize                   = 64                                        {product} {ergonomic}
   size_t InitialHeapSize                          = 134217728                                 {product} {ergonomic}
   size_t MarkStackSize                            = 4194304                                   {product} {ergonomic}
   size_t MaxHeapSize                              = 2118123520                                {product} {ergonomic}
   size_t MaxNewSize                               = 1270874112                                {product} {ergonomic}
   size_t MinHeapDeltaBytes                        = 1048576                                   {product} {ergonomic}
   size_t MinHeapSize                              = 8388608                                   {product} {ergonomic}
    uintx NonNMethodCodeHeapSize                   = 5839372                                {pd product} {ergonomic}
    uintx NonProfiledCodeHeapSize                  = 122909434                              {pd product} {ergonomic}
    uintx ProfiledCodeHeapSize                     = 122909434                              {pd product} {ergonomic}
    uintx ReservedCodeCacheSize                    = 251658240                              {pd product} {ergonomic}
     bool SegmentedCodeCache                       = true                                      {product} {ergonomic}
   size_t SoftMaxHeapSize                          = 2118123520                             {manageable} {ergonomic}
     bool UseCompressedClassPointers               = true                           {product lp64_product} {ergonomic}
     bool UseCompressedOops                        = true                           {product lp64_product} {ergonomic}
     bool UseG1GC                                  = true                                      {product} {ergonomic}
     bool UseLargePagesIndividualAllocation        = false                                  {pd product} {ergonomic}

Logging:
Log output configuration:
 #0: stdout all=warning uptime,level,tags foldmultilines=false
 #1: stderr all=off uptime,level,tags foldmultilines=false

Environment Variables:
PATH=C:\Program Files (x86)\Common Files\Oracle\Java\javapath;C:\Program Files\Common Files\Oracle\Java\javapath;C:\Windows\system32;C:\Windows;C:\Windows\System32\Wbem;C:\Windows\System32\WindowsPowerShell\v1.0\;C:\Windows\System32\OpenSSH\;C:\Program Files\dotnet\;C:\Program Files\Git\cmd;C:\Users\josth\AppData\Local\Microsoft\WindowsApps;C:\Users\josth\AppData\Local\GitHubDesktop\bin
USERNAME=josth
OS=Windows_NT
PROCESSOR_IDENTIFIER=Intel64 Family 6 Model 58 Stepping 9, GenuineIntel
TMP=C:\Users\josth\AppData\Local\Temp
TEMP=C:\Users\josth\AppData\Local\Temp



---------------  S Y S T E M  ---------------

OS:
 Windows 10 , 64 bit Build 19041 (10.0.19041.2546)
OS uptime: 1 days 20:27 hours

CPU: total 8 (initial active 8) (4 cores per cpu, 2 threads per core) family 6 model 58 stepping 9 microcode 0x21, cx8, cmov, fxsr, ht, mmx, sse, sse2, sse3, ssse3, sse4.1, sse4.2, popcnt, tsc, tscinvbit, avx, aes, erms, clmul, vzeroupper, clflush, rdtscp

Memory: 4k page, system-wide physical 8078M (1054M free)
TotalPageFile size 12698M (AvailPageFile size 1730M)
current process WorkingSet (physical memory assigned to process): 55M, peak: 55M
current process commit charge ("private bytes"): 224M, peak: 224M

vm_info: OpenJDK 64-Bit Server VM (19.0.2+7-44) for windows-amd64 JRE (19.0.2+7-44), built on 2022-11-30T18:02:09Z by "mach5one" with MS VC++ 17.1 (VS2022)

END.
